<?xml version="1.0" encoding="UTF-8"?>
<!-- Generated by org.testng.reporters.JUnitReportReporter -->
<testsuite skipped="0" hostname="capfront-Latitude-3420" name="Demo_appium.Demo_appium.AppTest" tests="1" failures="0" timestamp="2023-08-07T13:03:11 IST" time="0.006" errors="0">
  <testcase name="shouldAnswerWithTrue" time="0.006" classname="Demo_appium.Demo_appium.AppTest"/>
  <system-out/>
</testsuite> <!-- Demo_appium.Demo_appium.AppTest -->
